# JRE version: OpenJDK Runtime Environment GraalVM CE 22.3.0 (17.0.5+8) (build 17.0.5+8-jvmci-22.3-b08)
# Java VM: OpenJDK 64-Bit Server VM GraalVM CE 22.3.0 (17.0.5+8-jvmci-22.3-b08, mixed mode, sharing, tiered, jvmci, jvmci compiler, compressed oops, compressed class ptrs, parallel gc, linux-amd64)
GC Precious Log:
 CPUs: 8 total, 1 available
 Memory: 1024M
 Large Page Support: Disabled
 NUMA Support: Disabled
 Compressed Oops: Enabled (32-bit)
 Alignments: Space 512K, Generation 512K, Heap 2M
 Heap Min Capacity: 100M
 Heap Initial Capacity: 100M
 Heap Max Capacity: 512M
 Pre-touch: Disabled
 Parallel Workers: 1
Heap:
 PSYoungGen      total 33792K, used 24064K [0x00000000f5580000, 0x00000000f9580000, 0x0000000100000000)
  eden space 24064K, 100% used [0x00000000f5580000,0x00000000f6d00000,0x00000000f6d00000)
  from space 9728K, 0% used [0x00000000f6d00000,0x00000000f6d00000,0x00000000f7680000)
  to   space 18432K, 0% used [0x00000000f8380000,0x00000000f8380000,0x00000000f9580000)
 ParOldGen       total 349696K, used 349695K [0x00000000e0000000, 0x00000000f5580000, 0x00000000f5580000)
  object space 349696K, 99% used [0x00000000e0000000,0x00000000f557fff0,0x00000000f5580000)
 Metaspace       used 56865K, committed 57728K, reserved 1105920K
  class space    used 5616K, committed 5952K, reserved 1048576K
GC Heap History (20 events):
Event: 957.482 GC heap before
{Heap before GC invocations=584 (full 491):
 PSYoungGen      total 33792K, used 24063K [0x00000000f5580000, 0x00000000f9580000, 0x0000000100000000)
  eden space 24064K, 99% used [0x00000000f5580000,0x00000000f6cffff8,0x00000000f6d00000)
  from space 9728K, 0% used [0x00000000f6d00000,0x00000000f6d00000,0x00000000f7680000)
  to   space 18432K, 0% used [0x00000000f8380000,0x00000000f8380000,0x00000000f9580000)
 ParOldGen       total 349696K, used 349695K [0x00000000e0000000, 0x00000000f5580000, 0x00000000f5580000)
  object space 349696K, 99% used [0x00000000e0000000,0x00000000f557fd18,0x00000000f5580000)
 Metaspace       used 56865K, committed 57728K, reserved 1105920K
  class space    used 5616K, committed 5952K, reserved 1048576K
}
Event: 959.330 GC heap after
{Heap after GC invocations=584 (full 491):
 PSYoungGen      total 42496K, used 24063K [0x00000000f5580000, 0x00000000f9580000, 0x0000000100000000)
  eden space 24064K, 99% used [0x00000000f5580000,0x00000000f6cfffd8,0x00000000f6d00000)
  from space 18432K, 0% used [0x00000000f8380000,0x00000000f8380000,0x00000000f9580000)
  to   space 9728K, 0% used [0x00000000f6d00000,0x00000000f6d00000,0x00000000f7680000)
 ParOldGen       total 349696K, used 349695K [0x00000000e0000000, 0x00000000f5580000, 0x00000000f5580000)
  object space 349696K, 99% used [0x00000000e0000000,0x00000000f557fd18,0x00000000f5580000)
 Metaspace       used 56865K, committed 57728K, reserved 1105920K
  class space    used 5616K, committed 5952K, reserved 1048576K
}
Event: 959.332 GC heap before
{Heap before GC invocations=585 (full 492):
 PSYoungGen      total 42496K, used 24063K [0x00000000f5580000, 0x00000000f9580000, 0x0000000100000000)
  eden space 24064K, 99% used [0x00000000f5580000,0x00000000f6cffff8,0x00000000f6d00000)
  from space 18432K, 0% used [0x00000000f8380000,0x00000000f8380000,0x00000000f9580000)
  to   space 9728K, 0% used [0x00000000f6d00000,0x00000000f6d00000,0x00000000f7680000)
 ParOldGen       total 349696K, used 349695K [0x00000000e0000000, 0x00000000f5580000, 0x00000000f5580000)
  object space 349696K, 99% used [0x00000000e0000000,0x00000000f557fd18,0x00000000f5580000)
 Metaspace       used 56865K, committed 57728K, reserved 1105920K
  class space    used 5616K, committed 5952K, reserved 1048576K
}
Event: 961.142 GC heap after
{Heap after GC invocations=585 (full 492):
 PSYoungGen      total 33792K, used 24063K [0x00000000f5580000, 0x00000000f9580000, 0x0000000100000000)
  eden space 24064K, 99% used [0x00000000f5580000,0x00000000f6cfffd8,0x00000000f6d00000)
  from space 9728K, 0% used [0x00000000f6d00000,0x00000000f6d00000,0x00000000f7680000)
  to   space 18432K, 0% used [0x00000000f8380000,0x00000000f8380000,0x00000000f9580000)
 ParOldGen       total 349696K, used 349695K [0x00000000e0000000, 0x00000000f5580000, 0x00000000f5580000)
  object space 349696K, 99% used [0x00000000e0000000,0x00000000f557fd18,0x00000000f5580000)
 Metaspace       used 56865K, committed 57728K, reserved 1105920K
  class space    used 5616K, committed 5952K, reserved 1048576K
}
Event: 961.143 GC heap before
{Heap before GC invocations=586 (full 493):
 PSYoungGen      total 33792K, used 24063K [0x00000000f5580000, 0x00000000f9580000, 0x0000000100000000)
  eden space 24064K, 99% used [0x00000000f5580000,0x00000000f6cffff8,0x00000000f6d00000)
  from space 9728K, 0% used [0x00000000f6d00000,0x00000000f6d00000,0x00000000f7680000)
  to   space 18432K, 0% used [0x00000000f8380000,0x00000000f8380000,0x00000000f9580000)
 ParOldGen       total 349696K, used 349695K [0x00000000e0000000, 0x00000000f5580000, 0x00000000f5580000)
  object space 349696K, 99% used [0x00000000e0000000,0x00000000f557fd18,0x00000000f5580000)
 Metaspace       used 56865K, committed 57728K, reserved 1105920K
  class space    used 5616K, committed 5952K, reserved 1048576K
}
Event: 963.019 GC heap after
{Heap after GC invocations=586 (full 493):
 PSYoungGen      total 42496K, used 24063K [0x00000000f5580000, 0x00000000f9580000, 0x0000000100000000)
  eden space 24064K, 99% used [0x00000000f5580000,0x00000000f6cfffd8,0x00000000f6d00000)
  from space 18432K, 0% used [0x00000000f8380000,0x00000000f8380000,0x00000000f9580000)
  to   space 9728K, 0% used [0x00000000f6d00000,0x00000000f6d00000,0x00000000f7680000)
 ParOldGen       total 349696K, used 349695K [0x00000000e0000000, 0x00000000f5580000, 0x00000000f5580000)
  object space 349696K, 99% used [0x00000000e0000000,0x00000000f557fd18,0x00000000f5580000)
 Metaspace       used 56865K, committed 57728K, reserved 1105920K
  class space    used 5616K, committed 5952K, reserved 1048576K
}
Event: 963.020 GC heap before
{Heap before GC invocations=587 (full 494):
 PSYoungGen      total 42496K, used 24063K [0x00000000f5580000, 0x00000000f9580000, 0x0000000100000000)
  eden space 24064K, 99% used [0x00000000f5580000,0x00000000f6cffff8,0x00000000f6d00000)
  from space 18432K, 0% used [0x00000000f8380000,0x00000000f8380000,0x00000000f9580000)
  to   space 9728K, 0% used [0x00000000f6d00000,0x00000000f6d00000,0x00000000f7680000)
 ParOldGen       total 349696K, used 349695K [0x00000000e0000000, 0x00000000f5580000, 0x00000000f5580000)
  object space 349696K, 99% used [0x00000000e0000000,0x00000000f557fd18,0x00000000f5580000)
 Metaspace       used 56865K, committed 57728K, reserved 1105920K
  class space    used 5616K, committed 5952K, reserved 1048576K
}
Event: 964.907 GC heap after
{Heap after GC invocations=587 (full 494):
 PSYoungGen      total 33792K, used 24063K [0x00000000f5580000, 0x00000000f9580000, 0x0000000100000000)
  eden space 24064K, 99% used [0x00000000f5580000,0x00000000f6cfffd8,0x00000000f6d00000)
  from space 9728K, 0% used [0x00000000f6d00000,0x00000000f6d00000,0x00000000f7680000)
  to   space 18432K, 0% used [0x00000000f8380000,0x00000000f8380000,0x00000000f9580000)
 ParOldGen       total 349696K, used 349695K [0x00000000e0000000, 0x00000000f5580000, 0x00000000f5580000)
  object space 349696K, 99% used [0x00000000e0000000,0x00000000f557fd18,0x00000000f5580000)
 Metaspace       used 56865K, committed 57728K, reserved 1105920K
  class space    used 5616K, committed 5952K, reserved 1048576K
}
Event: 964.908 GC heap before
{Heap before GC invocations=588 (full 495):
 PSYoungGen      total 33792K, used 24063K [0x00000000f5580000, 0x00000000f9580000, 0x0000000100000000)
  eden space 24064K, 99% used [0x00000000f5580000,0x00000000f6cffff8,0x00000000f6d00000)
  from space 9728K, 0% used [0x00000000f6d00000,0x00000000f6d00000,0x00000000f7680000)
  to   space 18432K, 0% used [0x00000000f8380000,0x00000000f8380000,0x00000000f9580000)
 ParOldGen       total 349696K, used 349695K [0x00000000e0000000, 0x00000000f5580000, 0x00000000f5580000)
  object space 349696K, 99% used [0x00000000e0000000,0x00000000f557fd18,0x00000000f5580000)
 Metaspace       used 56865K, committed 57728K, reserved 1105920K
  class space    used 5616K, committed 5952K, reserved 1048576K
}
Event: 966.614 GC heap after
{Heap after GC invocations=588 (full 495):
 PSYoungGen      total 42496K, used 24063K [0x00000000f5580000, 0x00000000f9580000, 0x0000000100000000)
  eden space 24064K, 99% used [0x00000000f5580000,0x00000000f6cfffd8,0x00000000f6d00000)
  from space 18432K, 0% used [0x00000000f8380000,0x00000000f8380000,0x00000000f9580000)
  to   space 9728K, 0% used [0x00000000f6d00000,0x00000000f6d00000,0x00000000f7680000)
 ParOldGen       total 349696K, used 349695K [0x00000000e0000000, 0x00000000f5580000, 0x00000000f5580000)
  object space 349696K, 99% used [0x00000000e0000000,0x00000000f557fd18,0x00000000f5580000)
 Metaspace       used 56865K, committed 57728K, reserved 1105920K
  class space    used 5616K, committed 5952K, reserved 1048576K
}
Event: 966.615 GC heap before
{Heap before GC invocations=589 (full 496):
 PSYoungGen      total 42496K, used 24063K [0x00000000f5580000, 0x00000000f9580000, 0x0000000100000000)
  eden space 24064K, 99% used [0x00000000f5580000,0x00000000f6cffff8,0x00000000f6d00000)
  from space 18432K, 0% used [0x00000000f8380000,0x00000000f8380000,0x00000000f9580000)
  to   space 9728K, 0% used [0x00000000f6d00000,0x00000000f6d00000,0x00000000f7680000)
 ParOldGen       total 349696K, used 349695K [0x00000000e0000000, 0x00000000f5580000, 0x00000000f5580000)
  object space 349696K, 99% used [0x00000000e0000000,0x00000000f557fd18,0x00000000f5580000)
 Metaspace       used 56865K, committed 57728K, reserved 1105920K
  class space    used 5616K, committed 5952K, reserved 1048576K
}
Event: 968.526 GC heap after
{Heap after GC invocations=589 (full 496):
 PSYoungGen      total 33792K, used 24063K [0x00000000f5580000, 0x00000000f9580000, 0x0000000100000000)
  eden space 24064K, 99% used [0x00000000f5580000,0x00000000f6cfffd8,0x00000000f6d00000)
  from space 9728K, 0% used [0x00000000f6d00000,0x00000000f6d00000,0x00000000f7680000)
  to   space 18432K, 0% used [0x00000000f8380000,0x00000000f8380000,0x00000000f9580000)
 ParOldGen       total 349696K, used 349695K [0x00000000e0000000, 0x00000000f5580000, 0x00000000f5580000)
  object space 349696K, 99% used [0x00000000e0000000,0x00000000f557fd18,0x00000000f5580000)
 Metaspace       used 56865K, committed 57728K, reserved 1105920K
  class space    used 5616K, committed 5952K, reserved 1048576K
}
Event: 968.528 GC heap before
{Heap before GC invocations=590 (full 497):
 PSYoungGen      total 33792K, used 24063K [0x00000000f5580000, 0x00000000f9580000, 0x0000000100000000)
  eden space 24064K, 99% used [0x00000000f5580000,0x00000000f6cffff8,0x00000000f6d00000)
  from space 9728K, 0% used [0x00000000f6d00000,0x00000000f6d00000,0x00000000f7680000)
  to   space 18432K, 0% used [0x00000000f8380000,0x00000000f8380000,0x00000000f9580000)
 ParOldGen       total 349696K, used 349695K [0x00000000e0000000, 0x00000000f5580000, 0x00000000f5580000)
  object space 349696K, 99% used [0x00000000e0000000,0x00000000f557fd18,0x00000000f5580000)
 Metaspace       used 56865K, committed 57728K, reserved 1105920K
  class space    used 5616K, committed 5952K, reserved 1048576K
}
Event: 970.409 GC heap after
{Heap after GC invocations=590 (full 497):
 PSYoungGen      total 42496K, used 24063K [0x00000000f5580000, 0x00000000f9580000, 0x0000000100000000)
  eden space 24064K, 99% used [0x00000000f5580000,0x00000000f6cfffd8,0x00000000f6d00000)
  from space 18432K, 0% used [0x00000000f8380000,0x00000000f8380000,0x00000000f9580000)
  to   space 9728K, 0% used [0x00000000f6d00000,0x00000000f6d00000,0x00000000f7680000)
 ParOldGen       total 349696K, used 349695K [0x00000000e0000000, 0x00000000f5580000, 0x00000000f5580000)
  object space 349696K, 99% used [0x00000000e0000000,0x00000000f557fd18,0x00000000f5580000)
 Metaspace       used 56865K, committed 57728K, reserved 1105920K
  class space    used 5616K, committed 5952K, reserved 1048576K
}
Event: 970.409 GC heap before
{Heap before GC invocations=591 (full 498):
 PSYoungGen      total 42496K, used 24063K [0x00000000f5580000, 0x00000000f9580000, 0x0000000100000000)
  eden space 24064K, 99% used [0x00000000f5580000,0x00000000f6cffff0,0x00000000f6d00000)
  from space 18432K, 0% used [0x00000000f8380000,0x00000000f8380000,0x00000000f9580000)
  to   space 9728K, 0% used [0x00000000f6d00000,0x00000000f6d00000,0x00000000f7680000)
 ParOldGen       total 349696K, used 349695K [0x00000000e0000000, 0x00000000f5580000, 0x00000000f5580000)
  object space 349696K, 99% used [0x00000000e0000000,0x00000000f557fd18,0x00000000f5580000)
 Metaspace       used 56865K, committed 57728K, reserved 1105920K
  class space    used 5616K, committed 5952K, reserved 1048576K
}
Event: 972.223 GC heap after
{Heap after GC invocations=591 (full 498):
 PSYoungGen      total 33792K, used 24063K [0x00000000f5580000, 0x00000000f9580000, 0x0000000100000000)
  eden space 24064K, 99% used [0x00000000f5580000,0x00000000f6cffff0,0x00000000f6d00000)
  from space 9728K, 0% used [0x00000000f6d00000,0x00000000f6d00000,0x00000000f7680000)
  to   space 18432K, 0% used [0x00000000f8380000,0x00000000f8380000,0x00000000f9580000)
 ParOldGen       total 349696K, used 349695K [0x00000000e0000000, 0x00000000f5580000, 0x00000000f5580000)
  object space 349696K, 99% used [0x00000000e0000000,0x00000000f557fd18,0x00000000f5580000)
 Metaspace       used 56865K, committed 57728K, reserved 1105920K
  class space    used 5616K, committed 5952K, reserved 1048576K
}
Event: 972.265 GC heap before
{Heap before GC invocations=592 (full 499):
 PSYoungGen      total 33792K, used 24064K [0x00000000f5580000, 0x00000000f9580000, 0x0000000100000000)
  eden space 24064K, 100% used [0x00000000f5580000,0x00000000f6d00000,0x00000000f6d00000)
  from space 9728K, 0% used [0x00000000f6d00000,0x00000000f6d00000,0x00000000f7680000)
  to   space 18432K, 0% used [0x00000000f8380000,0x00000000f8380000,0x00000000f9580000)
 ParOldGen       total 349696K, used 349695K [0x00000000e0000000, 0x00000000f5580000, 0x00000000f5580000)
  object space 349696K, 99% used [0x00000000e0000000,0x00000000f557fde0,0x00000000f5580000)
 Metaspace       used 56865K, committed 57728K, reserved 1105920K
  class space    used 5616K, committed 5952K, reserved 1048576K
}
Event: 974.135 GC heap after
{Heap after GC invocations=592 (full 499):
 PSYoungGen      total 42496K, used 24063K [0x00000000f5580000, 0x00000000f9580000, 0x0000000100000000)
  eden space 24064K, 99% used [0x00000000f5580000,0x00000000f6cfffa0,0x00000000f6d00000)
  from space 18432K, 0% used [0x00000000f8380000,0x00000000f8380000,0x00000000f9580000)
  to   space 9728K, 0% used [0x00000000f6d00000,0x00000000f6d00000,0x00000000f7680000)
 ParOldGen       total 349696K, used 349695K [0x00000000e0000000, 0x00000000f5580000, 0x00000000f5580000)
  object space 349696K, 99% used [0x00000000e0000000,0x00000000f557fcd0,0x00000000f5580000)
 Metaspace       used 56865K, committed 57728K, reserved 1105920K
  class space    used 5616K, committed 5952K, reserved 1048576K
}
Event: 974.135 GC heap before
{Heap before GC invocations=593 (full 500):
 PSYoungGen      total 42496K, used 24063K [0x00000000f5580000, 0x00000000f9580000, 0x0000000100000000)
  eden space 24064K, 99% used [0x00000000f5580000,0x00000000f6cfffa0,0x00000000f6d00000)
  from space 18432K, 0% used [0x00000000f8380000,0x00000000f8380000,0x00000000f9580000)
  to   space 9728K, 0% used [0x00000000f6d00000,0x00000000f6d00000,0x00000000f7680000)
 ParOldGen       total 349696K, used 349695K [0x00000000e0000000, 0x00000000f5580000, 0x00000000f5580000)
  object space 349696K, 99% used [0x00000000e0000000,0x00000000f557fcd0,0x00000000f5580000)
 Metaspace       used 56865K, committed 57728K, reserved 1105920K
  class space    used 5616K, committed 5952K, reserved 1048576K
}
Event: 975.888 GC heap after
{Heap after GC invocations=593 (full 500):
 PSYoungGen      total 33792K, used 24063K [0x00000000f5580000, 0x00000000f9580000, 0x0000000100000000)
  eden space 24064K, 99% used [0x00000000f5580000,0x00000000f6cfffa0,0x00000000f6d00000)
  from space 9728K, 0% used [0x00000000f6d00000,0x00000000f6d00000,0x00000000f7680000)
  to   space 18432K, 0% used [0x00000000f8380000,0x00000000f8380000,0x00000000f9580000)
 ParOldGen       total 349696K, used 349695K [0x00000000e0000000, 0x00000000f5580000, 0x00000000f5580000)
  object space 349696K, 99% used [0x00000000e0000000,0x00000000f557fcd0,0x00000000f5580000)
 Metaspace       used 56865K, committed 57728K, reserved 1105920K
  class space    used 5616K, committed 5952K, reserved 1048576K
}

